2015-10-23 19:49:59 Error: [Cake\View\Exception\MissingTemplateException] Template file "Articles\index.ctp" is missing.
Exception Attributes: array (
  'file' => 'Articles\\index.ctp',
)
Request URL: /blog/
Stack Trace:
#0 C:\xampp\htdocs\blog\vendor\cakephp\cakephp\src\View\View.php(575): Cake\View\View->_getViewFileName(NULL)
#1 C:\xampp\htdocs\blog\vendor\cakephp\cakephp\src\Controller\Controller.php(611): Cake\View\View->render(NULL, NULL)
#2 C:\xampp\htdocs\blog\vendor\cakephp\cakephp\src\Routing\Dispatcher.php(120): Cake\Controller\Controller->render()
#3 C:\xampp\htdocs\blog\vendor\cakephp\cakephp\src\Routing\Dispatcher.php(87): Cake\Routing\Dispatcher->_invoke(Object(App\Controller\ArticlesController))
#4 C:\xampp\htdocs\blog\webroot\index.php(37): Cake\Routing\Dispatcher->dispatch(Object(Cake\Network\Request), Object(Cake\Network\Response))
#5 {main}


2015-10-23 19:50:51 Error: Fatal Error (4): syntax error, unexpected '/' in [C:\xampp\htdocs\blog\src\Template\Articles\index.ctp, line 29]
Trace:
Cake\Error\BaseErrorHandler::handleFatalError() - CORE\src\Error\BaseErrorHandler.php, line 191
Cake\Error\BaseErrorHandler::Cake\Error\{closure}() - CORE\src\Error\BaseErrorHandler.php, line 90
[main] - [internal], line ??



2015-10-23 19:50:51 Error: [Cake\Error\FatalErrorException] syntax error, unexpected '/'
Request URL: /blog/
Stack Trace:
#0 C:\xampp\htdocs\blog\vendor\cakephp\cakephp\src\Error\BaseErrorHandler.php(90): Cake\Error\BaseErrorHandler->handleFatalError(4, 'syntax error, u...', 'C:\\xampp\\htdocs...', 29)
#1 [internal function]: Cake\Error\BaseErrorHandler->Cake\Error\{closure}()
#2 {main}


2015-10-23 19:51:57 Error: [Cake\View\Exception\MissingTemplateException] Template file "Articles\view.ctp" is missing.
Exception Attributes: array (
  'file' => 'Articles\\view.ctp',
)
Request URL: /blog/articles/view/1
Stack Trace:
#0 C:\xampp\htdocs\blog\vendor\cakephp\cakephp\src\View\View.php(575): Cake\View\View->_getViewFileName(NULL)
#1 C:\xampp\htdocs\blog\vendor\cakephp\cakephp\src\Controller\Controller.php(611): Cake\View\View->render(NULL, NULL)
#2 C:\xampp\htdocs\blog\vendor\cakephp\cakephp\src\Routing\Dispatcher.php(120): Cake\Controller\Controller->render()
#3 C:\xampp\htdocs\blog\vendor\cakephp\cakephp\src\Routing\Dispatcher.php(87): Cake\Routing\Dispatcher->_invoke(Object(App\Controller\ArticlesController))
#4 C:\xampp\htdocs\blog\webroot\index.php(37): Cake\Routing\Dispatcher->dispatch(Object(Cake\Network\Request), Object(Cake\Network\Response))
#5 {main}


